app/build/intermediates/manifest_merge_blame_file/debug/manifest-merger-blame-debug-report.txt
1<?xml version="1.0" encoding="utf-8"?>
2<manifest xmlns:android="http://schemas.android.com/apk/res/android"
3    package="com.example.feedme"
4    android:versionCode="1"
5    android:versionName="1.0" >
6
7    <uses-sdk
8        android:minSdkVersion="16"
8-->src\main\AndroidManifest.xml
9        android:targetSdkVersion="28" />
9-->src\main\AndroidManifest.xml
10
11    <uses-permission android:name="android.permission.INTERNET" />
11-->src\main\AndroidManifest.xml:4:5-67
11-->src\main\AndroidManifest.xml:4:22-64
12    <uses-permission android:name="android.permission.READ_EXTERNAL_STORAGE" />
12-->src\main\AndroidManifest.xml:5:5-80
12-->src\main\AndroidManifest.xml:5:22-77
13
14    <application
14-->src\main\AndroidManifest.xml:6:5-28:19
15        android:allowBackup="true"
15-->src\main\AndroidManifest.xml:7:13-39
16        android:appComponentFactory="androidx.core.app.CoreComponentFactory"
16-->[androidx.core:core:1.0.0] AndroidManifest.xml:22:18-86
17        android:debuggable="true"
18        android:icon="@mipmap/ic_launcher"
18-->src\main\AndroidManifest.xml:8:13-47
19        android:label="@string/app_name"
19-->src\main\AndroidManifest.xml:9:13-45
20        android:networkSecurityConfig="@xml/network_security_config"
20-->src\main\AndroidManifest.xml:13:13-73
21        android:roundIcon="@mipmap/ic_launcher_round"
21-->src\main\AndroidManifest.xml:10:13-58
22        android:supportsRtl="true"
22-->src\main\AndroidManifest.xml:11:13-39
23        android:testOnly="true"
24        android:theme="@style/AppTheme" >
24-->src\main\AndroidManifest.xml:12:13-44
25        <activity android:name="com.example.feedme.EditProfileActivity" />
25-->src\main\AndroidManifest.xml:15:9-56
25-->src\main\AndroidManifest.xml:15:19-54
26        <activity android:name="com.example.feedme.PaymentActivity" />
26-->src\main\AndroidManifest.xml:16:9-52
26-->src\main\AndroidManifest.xml:16:19-50
27        <activity android:name="com.example.feedme.ShoppingCartActivity" />
27-->src\main\AndroidManifest.xml:17:9-57
27-->src\main\AndroidManifest.xml:17:19-55
28        <activity android:name="com.example.feedme.NavigationActivity" />
28-->src\main\AndroidManifest.xml:18:9-55
28-->src\main\AndroidManifest.xml:18:19-53
29        <activity android:name="com.example.feedme.RegisterActivity" />
29-->src\main\AndroidManifest.xml:19:9-54
29-->src\main\AndroidManifest.xml:19:19-51
30        <activity android:name="com.example.feedme.LoginActivity" />
30-->src\main\AndroidManifest.xml:20:9-51
30-->src\main\AndroidManifest.xml:20:19-48
31        <activity android:name="com.example.feedme.MainActivity" >
31-->src\main\AndroidManifest.xml:21:9-27:20
31-->src\main\AndroidManifest.xml:21:19-47
32            <intent-filter>
32-->src\main\AndroidManifest.xml:22:13-26:29
33                <action android:name="android.intent.action.MAIN" />
33-->src\main\AndroidManifest.xml:23:17-69
33-->src\main\AndroidManifest.xml:23:25-66
34
35                <category android:name="android.intent.category.LAUNCHER" />
35-->src\main\AndroidManifest.xml:25:17-77
35-->src\main\AndroidManifest.xml:25:27-74
36            </intent-filter>
37        </activity>
38
39        <provider
39-->[androidx.lifecycle:lifecycle-process:2.0.0] AndroidManifest.xml:23:9-27:43
40            android:name="androidx.lifecycle.ProcessLifecycleOwnerInitializer"
40-->[androidx.lifecycle:lifecycle-process:2.0.0] AndroidManifest.xml:24:13-79
41            android:authorities="com.example.feedme.lifecycle-process"
41-->[androidx.lifecycle:lifecycle-process:2.0.0] AndroidManifest.xml:25:13-69
42            android:exported="false"
42-->[androidx.lifecycle:lifecycle-process:2.0.0] AndroidManifest.xml:26:13-37
43            android:multiprocess="true" />
43-->[androidx.lifecycle:lifecycle-process:2.0.0] AndroidManifest.xml:27:13-40
44    </application>
45
46</manifest>